2017-05-31 17:11 +08:00: Error: /Users/pengshuo/Downloads/nodejs 上课源码 课件/ksblog/views/layout.jade:23
    21|                 h1.am-topbar-brand
    22|                     a(href='#') blog
  > 23|                 |
    24|                 button.am-topbar-btn.am-topbar-toggle.am-btn.am-btn-sm.am-btn-success.am-show-sm-only(data-am-collapse="{target: '#doc-topbar-collapse'}")
    25|                     span.am-sr-only &#x5BFC;&#x822A;&#x5207;&#x6362;
    26|                     |

unexpected text |
   
    at Lexer.fail (/Users/pengshuo/Downloads/nodejs 上课源码 课件/ksblog/node_modules/jade/lib/lexer.js:887:11)
    at Lexer.next (/Users/pengshuo/Downloads/nodejs 上课源码 课件/ksblog/node_modules/jade/lib/lexer.js:947:15)
    at Lexer.lookahead (/Users/pengshuo/Downloads/nodejs 上课源码 课件/ksblog/node_modules/jade/lib/lexer.js:113:46)
    at Parser.lookahead (/Users/pengshuo/Downloads/nodejs 上课源码 课件/ksblog/node_modules/jade/lib/parser.js:102:23)
    at Parser.peek (/Users/pengshuo/Downloads/nodejs 上课源码 课件/ksblog/node_modules/jade/lib/parser.js:79:17)
    at Parser.block (/Users/pengshuo/Downloads/nodejs 上课源码 课件/ksblog/node_modules/jade/lib/parser.js:725:30)
    at Parser.tag (/Users/pengshuo/Downloads/nodejs 上课源码 课件/ksblog/node_modules/jade/lib/parser.js:838:24)
    at Parser.parseTag (/Users/pengshuo/Downloads/nodejs 上课源码 课件/ksblog/node_modules/jade/lib/parser.js:759:17)
    at Parser.parseExpr (/Users/pengshuo/Downloads/nodejs 上课源码 课件/ksblog/node_modules/jade/lib/parser.js:211:21)
    at Parser.block (/Users/pengshuo/Downloads/nodejs 上课源码 课件/ksblog/node_modules/jade/lib/parser.js:729:25)
2017-05-31 17:13 +08:00: Error: /Users/pengshuo/Downloads/nodejs 上课源码 课件/ksblog/views/layout.jade:23
    21|             h1.am-topbar-brand
    22|                 a(href='#') blog
  > 23|             |
    24|             button.am-topbar-btn.am-topbar-toggle.am-btn.am-btn-sm.am-btn-success.am-show-sm-only(data-am-collapse="{target: '#doc-topbar-collapse'}")
    25|                 span.am-sr-only &#x5BFC;&#x822A;&#x5207;&#x6362;
    26|                 |

unexpected text |
   
    at Lexer.fail (/Users/pengshuo/Downloads/nodejs 上课源码 课件/ksblog/node_modules/jade/lib/lexer.js:887:11)
    at Lexer.next (/Users/pengshuo/Downloads/nodejs 上课源码 课件/ksblog/node_modules/jade/lib/lexer.js:947:15)
    at Lexer.lookahead (/Users/pengshuo/Downloads/nodejs 上课源码 课件/ksblog/node_modules/jade/lib/lexer.js:113:46)
    at Parser.lookahead (/Users/pengshuo/Downloads/nodejs 上课源码 课件/ksblog/node_modules/jade/lib/parser.js:102:23)
    at Parser.peek (/Users/pengshuo/Downloads/nodejs 上课源码 课件/ksblog/node_modules/jade/lib/parser.js:79:17)
    at Parser.block (/Users/pengshuo/Downloads/nodejs 上课源码 课件/ksblog/node_modules/jade/lib/parser.js:725:30)
    at Parser.tag (/Users/pengshuo/Downloads/nodejs 上课源码 课件/ksblog/node_modules/jade/lib/parser.js:838:24)
    at Parser.parseTag (/Users/pengshuo/Downloads/nodejs 上课源码 课件/ksblog/node_modules/jade/lib/parser.js:759:17)
    at Parser.parseExpr (/Users/pengshuo/Downloads/nodejs 上课源码 课件/ksblog/node_modules/jade/lib/parser.js:211:21)
    at Parser.block (/Users/pengshuo/Downloads/nodejs 上课源码 课件/ksblog/node_modules/jade/lib/parser.js:729:25)
2017-05-31 17:49 +08:00: ReferenceError: articles is not defined
    at Object.<anonymous> (/Users/pengshuo/Downloads/nodejs 上课源码 课件/ksblog/app.js:29:22)
    at Module._compile (module.js:573:32)
    at Object.Module._extensions..js (module.js:582:10)
    at Module.load (module.js:490:32)
    at tryModuleLoad (module.js:449:12)
    at Function.Module._load (module.js:441:3)
    at Module.require (module.js:500:17)
    at require (internal/module.js:20:19)
    at Object.<anonymous> (/Users/pengshuo/Downloads/nodejs 上课源码 课件/ksblog/bin/www:7:11)
    at Module._compile (module.js:573:32)
2017-05-31 17:49 +08:00: ReferenceError: articles is not defined
    at Object.<anonymous> (/Users/pengshuo/Downloads/nodejs 上课源码 课件/ksblog/app.js:29:22)
    at Module._compile (module.js:573:32)
    at Object.Module._extensions..js (module.js:582:10)
    at Module.load (module.js:490:32)
    at tryModuleLoad (module.js:449:12)
    at Function.Module._load (module.js:441:3)
    at Module.require (module.js:500:17)
    at require (internal/module.js:20:19)
    at Object.<anonymous> (/Users/pengshuo/Downloads/nodejs 上课源码 课件/ksblog/bin/www:7:11)
    at Module._compile (module.js:573:32)
2017-05-31 17:49 +08:00: ReferenceError: articles is not defined
    at Object.<anonymous> (/Users/pengshuo/Downloads/nodejs 上课源码 课件/ksblog/app.js:29:22)
    at Module._compile (module.js:573:32)
    at Object.Module._extensions..js (module.js:582:10)
    at Module.load (module.js:490:32)
    at tryModuleLoad (module.js:449:12)
    at Function.Module._load (module.js:441:3)
    at Module.require (module.js:500:17)
    at require (internal/module.js:20:19)
    at Object.<anonymous> (/Users/pengshuo/Downloads/nodejs 上课源码 课件/ksblog/bin/www:7:11)
    at Module._compile (module.js:573:32)
2017-05-31 17:49 +08:00: ReferenceError: articles is not defined
    at Object.<anonymous> (/Users/pengshuo/Downloads/nodejs 上课源码 课件/ksblog/app.js:29:22)
    at Module._compile (module.js:573:32)
    at Object.Module._extensions..js (module.js:582:10)
    at Module.load (module.js:490:32)
    at tryModuleLoad (module.js:449:12)
    at Function.Module._load (module.js:441:3)
    at Module.require (module.js:500:17)
    at require (internal/module.js:20:19)
    at Object.<anonymous> (/Users/pengshuo/Downloads/nodejs 上课源码 课件/ksblog/bin/www:7:11)
    at Module._compile (module.js:573:32)
2017-05-31 17:49 +08:00: ReferenceError: articles is not defined
    at Object.<anonymous> (/Users/pengshuo/Downloads/nodejs 上课源码 课件/ksblog/app.js:29:22)
    at Module._compile (module.js:573:32)
    at Object.Module._extensions..js (module.js:582:10)
    at Module.load (module.js:490:32)
    at tryModuleLoad (module.js:449:12)
    at Function.Module._load (module.js:441:3)
    at Module.require (module.js:500:17)
    at require (internal/module.js:20:19)
    at Object.<anonymous> (/Users/pengshuo/Downloads/nodejs 上课源码 课件/ksblog/bin/www:7:11)
    at Module._compile (module.js:573:32)
2017-05-31 17:49 +08:00: ReferenceError: articles is not defined
    at Object.<anonymous> (/Users/pengshuo/Downloads/nodejs 上课源码 课件/ksblog/app.js:29:22)
    at Module._compile (module.js:573:32)
    at Object.Module._extensions..js (module.js:582:10)
    at Module.load (module.js:490:32)
    at tryModuleLoad (module.js:449:12)
    at Function.Module._load (module.js:441:3)
    at Module.require (module.js:500:17)
    at require (internal/module.js:20:19)
    at Object.<anonymous> (/Users/pengshuo/Downloads/nodejs 上课源码 课件/ksblog/bin/www:7:11)
    at Module._compile (module.js:573:32)
2017-05-31 17:49 +08:00: ReferenceError: articles is not defined
    at Object.<anonymous> (/Users/pengshuo/Downloads/nodejs 上课源码 课件/ksblog/app.js:29:22)
    at Module._compile (module.js:573:32)
    at Object.Module._extensions..js (module.js:582:10)
    at Module.load (module.js:490:32)
    at tryModuleLoad (module.js:449:12)
    at Function.Module._load (module.js:441:3)
    at Module.require (module.js:500:17)
    at require (internal/module.js:20:19)
    at Object.<anonymous> (/Users/pengshuo/Downloads/nodejs 上课源码 课件/ksblog/bin/www:7:11)
    at Module._compile (module.js:573:32)
2017-05-31 17:49 +08:00: ReferenceError: articles is not defined
    at Object.<anonymous> (/Users/pengshuo/Downloads/nodejs 上课源码 课件/ksblog/app.js:29:22)
    at Module._compile (module.js:573:32)
    at Object.Module._extensions..js (module.js:582:10)
    at Module.load (module.js:490:32)
    at tryModuleLoad (module.js:449:12)
    at Function.Module._load (module.js:441:3)
    at Module.require (module.js:500:17)
    at require (internal/module.js:20:19)
    at Object.<anonymous> (/Users/pengshuo/Downloads/nodejs 上课源码 课件/ksblog/bin/www:7:11)
    at Module._compile (module.js:573:32)
2017-05-31 17:49 +08:00: ReferenceError: articles is not defined
    at Object.<anonymous> (/Users/pengshuo/Downloads/nodejs 上课源码 课件/ksblog/app.js:29:22)
    at Module._compile (module.js:573:32)
    at Object.Module._extensions..js (module.js:582:10)
    at Module.load (module.js:490:32)
    at tryModuleLoad (module.js:449:12)
    at Function.Module._load (module.js:441:3)
    at Module.require (module.js:500:17)
    at require (internal/module.js:20:19)
    at Object.<anonymous> (/Users/pengshuo/Downloads/nodejs 上课源码 课件/ksblog/bin/www:7:11)
    at Module._compile (module.js:573:32)
2017-05-31 17:49 +08:00: ReferenceError: articles is not defined
    at Object.<anonymous> (/Users/pengshuo/Downloads/nodejs 上课源码 课件/ksblog/app.js:29:22)
    at Module._compile (module.js:573:32)
    at Object.Module._extensions..js (module.js:582:10)
    at Module.load (module.js:490:32)
    at tryModuleLoad (module.js:449:12)
    at Function.Module._load (module.js:441:3)
    at Module.require (module.js:500:17)
    at require (internal/module.js:20:19)
    at Object.<anonymous> (/Users/pengshuo/Downloads/nodejs 上课源码 课件/ksblog/bin/www:7:11)
    at Module._compile (module.js:573:32)
2017-05-31 17:49 +08:00: ReferenceError: articles is not defined
    at Object.<anonymous> (/Users/pengshuo/Downloads/nodejs 上课源码 课件/ksblog/app.js:29:22)
    at Module._compile (module.js:573:32)
    at Object.Module._extensions..js (module.js:582:10)
    at Module.load (module.js:490:32)
    at tryModuleLoad (module.js:449:12)
    at Function.Module._load (module.js:441:3)
    at Module.require (module.js:500:17)
    at require (internal/module.js:20:19)
    at Object.<anonymous> (/Users/pengshuo/Downloads/nodejs 上课源码 课件/ksblog/bin/www:7:11)
    at Module._compile (module.js:573:32)
2017-05-31 17:49 +08:00: ReferenceError: articles is not defined
    at Object.<anonymous> (/Users/pengshuo/Downloads/nodejs 上课源码 课件/ksblog/app.js:29:22)
    at Module._compile (module.js:573:32)
    at Object.Module._extensions..js (module.js:582:10)
    at Module.load (module.js:490:32)
    at tryModuleLoad (module.js:449:12)
    at Function.Module._load (module.js:441:3)
    at Module.require (module.js:500:17)
    at require (internal/module.js:20:19)
    at Object.<anonymous> (/Users/pengshuo/Downloads/nodejs 上课源码 课件/ksblog/bin/www:7:11)
    at Module._compile (module.js:573:32)
2017-05-31 17:49 +08:00: ReferenceError: articles is not defined
    at Object.<anonymous> (/Users/pengshuo/Downloads/nodejs 上课源码 课件/ksblog/app.js:29:22)
    at Module._compile (module.js:573:32)
    at Object.Module._extensions..js (module.js:582:10)
    at Module.load (module.js:490:32)
    at tryModuleLoad (module.js:449:12)
    at Function.Module._load (module.js:441:3)
    at Module.require (module.js:500:17)
    at require (internal/module.js:20:19)
    at Object.<anonymous> (/Users/pengshuo/Downloads/nodejs 上课源码 课件/ksblog/bin/www:7:11)
    at Module._compile (module.js:573:32)
2017-05-31 17:49 +08:00: ReferenceError: articles is not defined
    at Object.<anonymous> (/Users/pengshuo/Downloads/nodejs 上课源码 课件/ksblog/app.js:29:22)
    at Module._compile (module.js:573:32)
    at Object.Module._extensions..js (module.js:582:10)
    at Module.load (module.js:490:32)
    at tryModuleLoad (module.js:449:12)
    at Function.Module._load (module.js:441:3)
    at Module.require (module.js:500:17)
    at require (internal/module.js:20:19)
    at Object.<anonymous> (/Users/pengshuo/Downloads/nodejs 上课源码 课件/ksblog/bin/www:7:11)
    at Module._compile (module.js:573:32)
2017-05-31 17:49 +08:00: ReferenceError: articles is not defined
    at Object.<anonymous> (/Users/pengshuo/Downloads/nodejs 上课源码 课件/ksblog/app.js:29:22)
    at Module._compile (module.js:573:32)
    at Object.Module._extensions..js (module.js:582:10)
    at Module.load (module.js:490:32)
    at tryModuleLoad (module.js:449:12)
    at Function.Module._load (module.js:441:3)
    at Module.require (module.js:500:17)
    at require (internal/module.js:20:19)
    at Object.<anonymous> (/Users/pengshuo/Downloads/nodejs 上课源码 课件/ksblog/bin/www:7:11)
    at Module._compile (module.js:573:32)
2017-05-31 17:49 +08:00: ReferenceError: articles is not defined
    at Object.<anonymous> (/Users/pengshuo/Downloads/nodejs 上课源码 课件/ksblog/app.js:29:22)
    at Module._compile (module.js:573:32)
    at Object.Module._extensions..js (module.js:582:10)
    at Module.load (module.js:490:32)
    at tryModuleLoad (module.js:449:12)
    at Function.Module._load (module.js:441:3)
    at Module.require (module.js:500:17)
    at require (internal/module.js:20:19)
    at Object.<anonymous> (/Users/pengshuo/Downloads/nodejs 上课源码 课件/ksblog/bin/www:7:11)
    at Module._compile (module.js:573:32)
2017-05-31 17:49 +08:00: ReferenceError: articles is not defined
    at Object.<anonymous> (/Users/pengshuo/Downloads/nodejs 上课源码 课件/ksblog/app.js:29:22)
    at Module._compile (module.js:573:32)
    at Object.Module._extensions..js (module.js:582:10)
    at Module.load (module.js:490:32)
    at tryModuleLoad (module.js:449:12)
    at Function.Module._load (module.js:441:3)
    at Module.require (module.js:500:17)
    at require (internal/module.js:20:19)
    at Object.<anonymous> (/Users/pengshuo/Downloads/nodejs 上课源码 课件/ksblog/bin/www:7:11)
    at Module._compile (module.js:573:32)
2017-05-31 17:49 +08:00: ReferenceError: articles is not defined
    at Object.<anonymous> (/Users/pengshuo/Downloads/nodejs 上课源码 课件/ksblog/app.js:29:22)
    at Module._compile (module.js:573:32)
    at Object.Module._extensions..js (module.js:582:10)
    at Module.load (module.js:490:32)
    at tryModuleLoad (module.js:449:12)
    at Function.Module._load (module.js:441:3)
    at Module.require (module.js:500:17)
    at require (internal/module.js:20:19)
    at Object.<anonymous> (/Users/pengshuo/Downloads/nodejs 上课源码 课件/ksblog/bin/www:7:11)
    at Module._compile (module.js:573:32)
2017-05-31 17:49 +08:00: ReferenceError: articles is not defined
    at Object.<anonymous> (/Users/pengshuo/Downloads/nodejs 上课源码 课件/ksblog/app.js:29:22)
    at Module._compile (module.js:573:32)
    at Object.Module._extensions..js (module.js:582:10)
    at Module.load (module.js:490:32)
    at tryModuleLoad (module.js:449:12)
    at Function.Module._load (module.js:441:3)
    at Module.require (module.js:500:17)
    at require (internal/module.js:20:19)
    at Object.<anonymous> (/Users/pengshuo/Downloads/nodejs 上课源码 课件/ksblog/bin/www:7:11)
    at Module._compile (module.js:573:32)
2017-05-31 17:49 +08:00: ReferenceError: articles is not defined
    at Object.<anonymous> (/Users/pengshuo/Downloads/nodejs 上课源码 课件/ksblog/app.js:29:22)
    at Module._compile (module.js:573:32)
    at Object.Module._extensions..js (module.js:582:10)
    at Module.load (module.js:490:32)
    at tryModuleLoad (module.js:449:12)
    at Function.Module._load (module.js:441:3)
    at Module.require (module.js:500:17)
    at require (internal/module.js:20:19)
    at Object.<anonymous> (/Users/pengshuo/Downloads/nodejs 上课源码 课件/ksblog/bin/www:7:11)
    at Module._compile (module.js:573:32)
2017-05-31 17:49 +08:00: ReferenceError: articles is not defined
    at Object.<anonymous> (/Users/pengshuo/Downloads/nodejs 上课源码 课件/ksblog/app.js:29:22)
    at Module._compile (module.js:573:32)
    at Object.Module._extensions..js (module.js:582:10)
    at Module.load (module.js:490:32)
    at tryModuleLoad (module.js:449:12)
    at Function.Module._load (module.js:441:3)
    at Module.require (module.js:500:17)
    at require (internal/module.js:20:19)
    at Object.<anonymous> (/Users/pengshuo/Downloads/nodejs 上课源码 课件/ksblog/bin/www:7:11)
    at Module._compile (module.js:573:32)
2017-05-31 17:49 +08:00: ReferenceError: articles is not defined
    at Object.<anonymous> (/Users/pengshuo/Downloads/nodejs 上课源码 课件/ksblog/app.js:29:22)
    at Module._compile (module.js:573:32)
    at Object.Module._extensions..js (module.js:582:10)
    at Module.load (module.js:490:32)
    at tryModuleLoad (module.js:449:12)
    at Function.Module._load (module.js:441:3)
    at Module.require (module.js:500:17)
    at require (internal/module.js:20:19)
    at Object.<anonymous> (/Users/pengshuo/Downloads/nodejs 上课源码 课件/ksblog/bin/www:7:11)
    at Module._compile (module.js:573:32)
2017-05-31 17:49 +08:00: ReferenceError: articles is not defined
    at Object.<anonymous> (/Users/pengshuo/Downloads/nodejs 上课源码 课件/ksblog/app.js:29:22)
    at Module._compile (module.js:573:32)
    at Object.Module._extensions..js (module.js:582:10)
    at Module.load (module.js:490:32)
    at tryModuleLoad (module.js:449:12)
    at Function.Module._load (module.js:441:3)
    at Module.require (module.js:500:17)
    at require (internal/module.js:20:19)
    at Object.<anonymous> (/Users/pengshuo/Downloads/nodejs 上课源码 课件/ksblog/bin/www:7:11)
    at Module._compile (module.js:573:32)
2017-05-31 17:49 +08:00: ReferenceError: articles is not defined
    at Object.<anonymous> (/Users/pengshuo/Downloads/nodejs 上课源码 课件/ksblog/app.js:29:22)
    at Module._compile (module.js:573:32)
    at Object.Module._extensions..js (module.js:582:10)
    at Module.load (module.js:490:32)
    at tryModuleLoad (module.js:449:12)
    at Function.Module._load (module.js:441:3)
    at Module.require (module.js:500:17)
    at require (internal/module.js:20:19)
    at Object.<anonymous> (/Users/pengshuo/Downloads/nodejs 上课源码 课件/ksblog/bin/www:7:11)
    at Module._compile (module.js:573:32)
2017-05-31 17:49 +08:00: ReferenceError: articles is not defined
    at Object.<anonymous> (/Users/pengshuo/Downloads/nodejs 上课源码 课件/ksblog/app.js:29:22)
    at Module._compile (module.js:573:32)
    at Object.Module._extensions..js (module.js:582:10)
    at Module.load (module.js:490:32)
    at tryModuleLoad (module.js:449:12)
    at Function.Module._load (module.js:441:3)
    at Module.require (module.js:500:17)
    at require (internal/module.js:20:19)
    at Object.<anonymous> (/Users/pengshuo/Downloads/nodejs 上课源码 课件/ksblog/bin/www:7:11)
    at Module._compile (module.js:573:32)
2017-05-31 17:49 +08:00: ReferenceError: articles is not defined
    at Object.<anonymous> (/Users/pengshuo/Downloads/nodejs 上课源码 课件/ksblog/app.js:29:22)
    at Module._compile (module.js:573:32)
    at Object.Module._extensions..js (module.js:582:10)
    at Module.load (module.js:490:32)
    at tryModuleLoad (module.js:449:12)
    at Function.Module._load (module.js:441:3)
    at Module.require (module.js:500:17)
    at require (internal/module.js:20:19)
    at Object.<anonymous> (/Users/pengshuo/Downloads/nodejs 上课源码 课件/ksblog/bin/www:7:11)
    at Module._compile (module.js:573:32)
2017-05-31 17:49 +08:00: ReferenceError: articles is not defined
    at Object.<anonymous> (/Users/pengshuo/Downloads/nodejs 上课源码 课件/ksblog/app.js:29:22)
    at Module._compile (module.js:573:32)
    at Object.Module._extensions..js (module.js:582:10)
    at Module.load (module.js:490:32)
    at tryModuleLoad (module.js:449:12)
    at Function.Module._load (module.js:441:3)
    at Module.require (module.js:500:17)
    at require (internal/module.js:20:19)
    at Object.<anonymous> (/Users/pengshuo/Downloads/nodejs 上课源码 课件/ksblog/bin/www:7:11)
    at Module._compile (module.js:573:32)
2017-05-31 17:49 +08:00: ReferenceError: articles is not defined
    at Object.<anonymous> (/Users/pengshuo/Downloads/nodejs 上课源码 课件/ksblog/app.js:29:22)
    at Module._compile (module.js:573:32)
    at Object.Module._extensions..js (module.js:582:10)
    at Module.load (module.js:490:32)
    at tryModuleLoad (module.js:449:12)
    at Function.Module._load (module.js:441:3)
    at Module.require (module.js:500:17)
    at require (internal/module.js:20:19)
    at Object.<anonymous> (/Users/pengshuo/Downloads/nodejs 上课源码 课件/ksblog/bin/www:7:11)
    at Module._compile (module.js:573:32)
2017-05-31 17:49 +08:00: ReferenceError: articles is not defined
    at Object.<anonymous> (/Users/pengshuo/Downloads/nodejs 上课源码 课件/ksblog/app.js:29:22)
    at Module._compile (module.js:573:32)
    at Object.Module._extensions..js (module.js:582:10)
    at Module.load (module.js:490:32)
    at tryModuleLoad (module.js:449:12)
    at Function.Module._load (module.js:441:3)
    at Module.require (module.js:500:17)
    at require (internal/module.js:20:19)
    at Object.<anonymous> (/Users/pengshuo/Downloads/nodejs 上课源码 课件/ksblog/bin/www:7:11)
    at Module._compile (module.js:573:32)
2017-05-31 17:50 +08:00: ReferenceError: articles is not defined
    at Object.<anonymous> (/Users/pengshuo/Downloads/nodejs 上课源码 课件/ksblog/app.js:29:22)
    at Module._compile (module.js:573:32)
    at Object.Module._extensions..js (module.js:582:10)
    at Module.load (module.js:490:32)
    at tryModuleLoad (module.js:449:12)
    at Function.Module._load (module.js:441:3)
    at Module.require (module.js:500:17)
    at require (internal/module.js:20:19)
    at Object.<anonymous> (/Users/pengshuo/Downloads/nodejs 上课源码 课件/ksblog/bin/www:7:11)
    at Module._compile (module.js:573:32)
2017-05-31 17:50 +08:00: ReferenceError: articles is not defined
    at Object.<anonymous> (/Users/pengshuo/Downloads/nodejs 上课源码 课件/ksblog/app.js:29:22)
    at Module._compile (module.js:573:32)
    at Object.Module._extensions..js (module.js:582:10)
    at Module.load (module.js:490:32)
    at tryModuleLoad (module.js:449:12)
    at Function.Module._load (module.js:441:3)
    at Module.require (module.js:500:17)
    at require (internal/module.js:20:19)
    at Object.<anonymous> (/Users/pengshuo/Downloads/nodejs 上课源码 课件/ksblog/bin/www:7:11)
    at Module._compile (module.js:573:32)
2017-05-31 17:50 +08:00: ReferenceError: articles is not defined
    at Object.<anonymous> (/Users/pengshuo/Downloads/nodejs 上课源码 课件/ksblog/app.js:29:22)
    at Module._compile (module.js:573:32)
    at Object.Module._extensions..js (module.js:582:10)
    at Module.load (module.js:490:32)
    at tryModuleLoad (module.js:449:12)
    at Function.Module._load (module.js:441:3)
    at Module.require (module.js:500:17)
    at require (internal/module.js:20:19)
    at Object.<anonymous> (/Users/pengshuo/Downloads/nodejs 上课源码 课件/ksblog/bin/www:7:11)
    at Module._compile (module.js:573:32)
2017-05-31 17:50 +08:00: ReferenceError: articles is not defined
    at Object.<anonymous> (/Users/pengshuo/Downloads/nodejs 上课源码 课件/ksblog/app.js:29:22)
    at Module._compile (module.js:573:32)
    at Object.Module._extensions..js (module.js:582:10)
    at Module.load (module.js:490:32)
    at tryModuleLoad (module.js:449:12)
    at Function.Module._load (module.js:441:3)
    at Module.require (module.js:500:17)
    at require (internal/module.js:20:19)
    at Object.<anonymous> (/Users/pengshuo/Downloads/nodejs 上课源码 课件/ksblog/bin/www:7:11)
    at Module._compile (module.js:573:32)
2017-05-31 17:50 +08:00: ReferenceError: articles is not defined
    at Object.<anonymous> (/Users/pengshuo/Downloads/nodejs 上课源码 课件/ksblog/app.js:29:22)
    at Module._compile (module.js:573:32)
    at Object.Module._extensions..js (module.js:582:10)
    at Module.load (module.js:490:32)
    at tryModuleLoad (module.js:449:12)
    at Function.Module._load (module.js:441:3)
    at Module.require (module.js:500:17)
    at require (internal/module.js:20:19)
    at Object.<anonymous> (/Users/pengshuo/Downloads/nodejs 上课源码 课件/ksblog/bin/www:7:11)
    at Module._compile (module.js:573:32)
2017-05-31 17:50 +08:00: ReferenceError: articles is not defined
    at Object.<anonymous> (/Users/pengshuo/Downloads/nodejs 上课源码 课件/ksblog/app.js:29:22)
    at Module._compile (module.js:573:32)
    at Object.Module._extensions..js (module.js:582:10)
    at Module.load (module.js:490:32)
    at tryModuleLoad (module.js:449:12)
    at Function.Module._load (module.js:441:3)
    at Module.require (module.js:500:17)
    at require (internal/module.js:20:19)
    at Object.<anonymous> (/Users/pengshuo/Downloads/nodejs 上课源码 课件/ksblog/bin/www:7:11)
    at Module._compile (module.js:573:32)
2017-05-31 17:50 +08:00: ReferenceError: articles is not defined
    at Object.<anonymous> (/Users/pengshuo/Downloads/nodejs 上课源码 课件/ksblog/app.js:29:22)
    at Module._compile (module.js:573:32)
    at Object.Module._extensions..js (module.js:582:10)
    at Module.load (module.js:490:32)
    at tryModuleLoad (module.js:449:12)
    at Function.Module._load (module.js:441:3)
    at Module.require (module.js:500:17)
    at require (internal/module.js:20:19)
    at Object.<anonymous> (/Users/pengshuo/Downloads/nodejs 上课源码 课件/ksblog/bin/www:7:11)
    at Module._compile (module.js:573:32)
2017-05-31 17:50 +08:00: ReferenceError: articles is not defined
    at Object.<anonymous> (/Users/pengshuo/Downloads/nodejs 上课源码 课件/ksblog/app.js:29:22)
    at Module._compile (module.js:573:32)
    at Object.Module._extensions..js (module.js:582:10)
    at Module.load (module.js:490:32)
    at tryModuleLoad (module.js:449:12)
    at Function.Module._load (module.js:441:3)
    at Module.require (module.js:500:17)
    at require (internal/module.js:20:19)
    at Object.<anonymous> (/Users/pengshuo/Downloads/nodejs 上课源码 课件/ksblog/bin/www:7:11)
    at Module._compile (module.js:573:32)
2017-05-31 17:50 +08:00: ReferenceError: articles is not defined
    at Object.<anonymous> (/Users/pengshuo/Downloads/nodejs 上课源码 课件/ksblog/app.js:29:22)
    at Module._compile (module.js:573:32)
    at Object.Module._extensions..js (module.js:582:10)
    at Module.load (module.js:490:32)
    at tryModuleLoad (module.js:449:12)
    at Function.Module._load (module.js:441:3)
    at Module.require (module.js:500:17)
    at require (internal/module.js:20:19)
    at Object.<anonymous> (/Users/pengshuo/Downloads/nodejs 上课源码 课件/ksblog/bin/www:7:11)
    at Module._compile (module.js:573:32)
2017-05-31 17:50 +08:00: ReferenceError: articles is not defined
    at Object.<anonymous> (/Users/pengshuo/Downloads/nodejs 上课源码 课件/ksblog/app.js:29:22)
    at Module._compile (module.js:573:32)
    at Object.Module._extensions..js (module.js:582:10)
    at Module.load (module.js:490:32)
    at tryModuleLoad (module.js:449:12)
    at Function.Module._load (module.js:441:3)
    at Module.require (module.js:500:17)
    at require (internal/module.js:20:19)
    at Object.<anonymous> (/Users/pengshuo/Downloads/nodejs 上课源码 课件/ksblog/bin/www:7:11)
    at Module._compile (module.js:573:32)
2017-05-31 17:50 +08:00: ReferenceError: articles is not defined
    at Object.<anonymous> (/Users/pengshuo/Downloads/nodejs 上课源码 课件/ksblog/app.js:29:22)
    at Module._compile (module.js:573:32)
    at Object.Module._extensions..js (module.js:582:10)
    at Module.load (module.js:490:32)
    at tryModuleLoad (module.js:449:12)
    at Function.Module._load (module.js:441:3)
    at Module.require (module.js:500:17)
    at require (internal/module.js:20:19)
    at Object.<anonymous> (/Users/pengshuo/Downloads/nodejs 上课源码 课件/ksblog/bin/www:7:11)
    at Module._compile (module.js:573:32)
2017-05-31 17:50 +08:00: ReferenceError: articles is not defined
    at Object.<anonymous> (/Users/pengshuo/Downloads/nodejs 上课源码 课件/ksblog/app.js:29:22)
    at Module._compile (module.js:573:32)
    at Object.Module._extensions..js (module.js:582:10)
    at Module.load (module.js:490:32)
    at tryModuleLoad (module.js:449:12)
    at Function.Module._load (module.js:441:3)
    at Module.require (module.js:500:17)
    at require (internal/module.js:20:19)
    at Object.<anonymous> (/Users/pengshuo/Downloads/nodejs 上课源码 课件/ksblog/bin/www:7:11)
    at Module._compile (module.js:573:32)
2017-05-31 17:50 +08:00: ReferenceError: articles is not defined
    at Object.<anonymous> (/Users/pengshuo/Downloads/nodejs 上课源码 课件/ksblog/app.js:29:22)
    at Module._compile (module.js:573:32)
    at Object.Module._extensions..js (module.js:582:10)
    at Module.load (module.js:490:32)
    at tryModuleLoad (module.js:449:12)
    at Function.Module._load (module.js:441:3)
    at Module.require (module.js:500:17)
    at require (internal/module.js:20:19)
    at Object.<anonymous> (/Users/pengshuo/Downloads/nodejs 上课源码 课件/ksblog/bin/www:7:11)
    at Module._compile (module.js:573:32)
2017-05-31 17:50 +08:00: ReferenceError: articles is not defined
    at Object.<anonymous> (/Users/pengshuo/Downloads/nodejs 上课源码 课件/ksblog/app.js:29:22)
    at Module._compile (module.js:573:32)
    at Object.Module._extensions..js (module.js:582:10)
    at Module.load (module.js:490:32)
    at tryModuleLoad (module.js:449:12)
    at Function.Module._load (module.js:441:3)
    at Module.require (module.js:500:17)
    at require (internal/module.js:20:19)
    at Object.<anonymous> (/Users/pengshuo/Downloads/nodejs 上课源码 课件/ksblog/bin/www:7:11)
    at Module._compile (module.js:573:32)
2017-05-31 17:50 +08:00: ReferenceError: articles is not defined
    at Object.<anonymous> (/Users/pengshuo/Downloads/nodejs 上课源码 课件/ksblog/app.js:29:22)
    at Module._compile (module.js:573:32)
    at Object.Module._extensions..js (module.js:582:10)
    at Module.load (module.js:490:32)
    at tryModuleLoad (module.js:449:12)
    at Function.Module._load (module.js:441:3)
    at Module.require (module.js:500:17)
    at require (internal/module.js:20:19)
    at Object.<anonymous> (/Users/pengshuo/Downloads/nodejs 上课源码 课件/ksblog/bin/www:7:11)
    at Module._compile (module.js:573:32)
2017-05-31 17:50 +08:00: ReferenceError: articles is not defined
    at Object.<anonymous> (/Users/pengshuo/Downloads/nodejs 上课源码 课件/ksblog/app.js:29:22)
    at Module._compile (module.js:573:32)
    at Object.Module._extensions..js (module.js:582:10)
    at Module.load (module.js:490:32)
    at tryModuleLoad (module.js:449:12)
    at Function.Module._load (module.js:441:3)
    at Module.require (module.js:500:17)
    at require (internal/module.js:20:19)
    at Object.<anonymous> (/Users/pengshuo/Downloads/nodejs 上课源码 课件/ksblog/bin/www:7:11)
    at Module._compile (module.js:573:32)
2017-05-31 17:50 +08:00: ReferenceError: articles is not defined
    at Object.<anonymous> (/Users/pengshuo/Downloads/nodejs 上课源码 课件/ksblog/app.js:29:22)
    at Module._compile (module.js:573:32)
    at Object.Module._extensions..js (module.js:582:10)
    at Module.load (module.js:490:32)
    at tryModuleLoad (module.js:449:12)
    at Function.Module._load (module.js:441:3)
    at Module.require (module.js:500:17)
    at require (internal/module.js:20:19)
    at Object.<anonymous> (/Users/pengshuo/Downloads/nodejs 上课源码 课件/ksblog/bin/www:7:11)
    at Module._compile (module.js:573:32)
2017-05-31 17:50 +08:00: ReferenceError: articles is not defined
    at Object.<anonymous> (/Users/pengshuo/Downloads/nodejs 上课源码 课件/ksblog/app.js:29:22)
    at Module._compile (module.js:573:32)
    at Object.Module._extensions..js (module.js:582:10)
    at Module.load (module.js:490:32)
    at tryModuleLoad (module.js:449:12)
    at Function.Module._load (module.js:441:3)
    at Module.require (module.js:500:17)
    at require (internal/module.js:20:19)
    at Object.<anonymous> (/Users/pengshuo/Downloads/nodejs 上课源码 课件/ksblog/bin/www:7:11)
    at Module._compile (module.js:573:32)
2017-05-31 17:50 +08:00: ReferenceError: articles is not defined
    at Object.<anonymous> (/Users/pengshuo/Downloads/nodejs 上课源码 课件/ksblog/app.js:29:22)
    at Module._compile (module.js:573:32)
    at Object.Module._extensions..js (module.js:582:10)
    at Module.load (module.js:490:32)
    at tryModuleLoad (module.js:449:12)
    at Function.Module._load (module.js:441:3)
    at Module.require (module.js:500:17)
    at require (internal/module.js:20:19)
    at Object.<anonymous> (/Users/pengshuo/Downloads/nodejs 上课源码 课件/ksblog/bin/www:7:11)
    at Module._compile (module.js:573:32)
2017-05-31 17:50 +08:00: ReferenceError: articles is not defined
    at Object.<anonymous> (/Users/pengshuo/Downloads/nodejs 上课源码 课件/ksblog/app.js:29:22)
    at Module._compile (module.js:573:32)
    at Object.Module._extensions..js (module.js:582:10)
    at Module.load (module.js:490:32)
    at tryModuleLoad (module.js:449:12)
    at Function.Module._load (module.js:441:3)
    at Module.require (module.js:500:17)
    at require (internal/module.js:20:19)
    at Object.<anonymous> (/Users/pengshuo/Downloads/nodejs 上课源码 课件/ksblog/bin/www:7:11)
    at Module._compile (module.js:573:32)
2017-05-31 17:50 +08:00: ReferenceError: articles is not defined
    at Object.<anonymous> (/Users/pengshuo/Downloads/nodejs 上课源码 课件/ksblog/app.js:29:22)
    at Module._compile (module.js:573:32)
    at Object.Module._extensions..js (module.js:582:10)
    at Module.load (module.js:490:32)
    at tryModuleLoad (module.js:449:12)
    at Function.Module._load (module.js:441:3)
    at Module.require (module.js:500:17)
    at require (internal/module.js:20:19)
    at Object.<anonymous> (/Users/pengshuo/Downloads/nodejs 上课源码 课件/ksblog/bin/www:7:11)
    at Module._compile (module.js:573:32)
2017-05-31 17:50 +08:00: ReferenceError: articles is not defined
    at Object.<anonymous> (/Users/pengshuo/Downloads/nodejs 上课源码 课件/ksblog/app.js:29:22)
    at Module._compile (module.js:573:32)
    at Object.Module._extensions..js (module.js:582:10)
    at Module.load (module.js:490:32)
    at tryModuleLoad (module.js:449:12)
    at Function.Module._load (module.js:441:3)
    at Module.require (module.js:500:17)
    at require (internal/module.js:20:19)
    at Object.<anonymous> (/Users/pengshuo/Downloads/nodejs 上课源码 课件/ksblog/bin/www:7:11)
    at Module._compile (module.js:573:32)
2017-05-31 17:50 +08:00: ReferenceError: articles is not defined
    at Object.<anonymous> (/Users/pengshuo/Downloads/nodejs 上课源码 课件/ksblog/app.js:29:22)
    at Module._compile (module.js:573:32)
    at Object.Module._extensions..js (module.js:582:10)
    at Module.load (module.js:490:32)
    at tryModuleLoad (module.js:449:12)
    at Function.Module._load (module.js:441:3)
    at Module.require (module.js:500:17)
    at require (internal/module.js:20:19)
    at Object.<anonymous> (/Users/pengshuo/Downloads/nodejs 上课源码 课件/ksblog/bin/www:7:11)
    at Module._compile (module.js:573:32)
2017-05-31 17:50 +08:00: ReferenceError: articles is not defined
    at Object.<anonymous> (/Users/pengshuo/Downloads/nodejs 上课源码 课件/ksblog/app.js:29:22)
    at Module._compile (module.js:573:32)
    at Object.Module._extensions..js (module.js:582:10)
    at Module.load (module.js:490:32)
    at tryModuleLoad (module.js:449:12)
    at Function.Module._load (module.js:441:3)
    at Module.require (module.js:500:17)
    at require (internal/module.js:20:19)
    at Object.<anonymous> (/Users/pengshuo/Downloads/nodejs 上课源码 课件/ksblog/bin/www:7:11)
    at Module._compile (module.js:573:32)
2017-05-31 17:50 +08:00: ReferenceError: articles is not defined
    at Object.<anonymous> (/Users/pengshuo/Downloads/nodejs 上课源码 课件/ksblog/app.js:29:22)
    at Module._compile (module.js:573:32)
    at Object.Module._extensions..js (module.js:582:10)
    at Module.load (module.js:490:32)
    at tryModuleLoad (module.js:449:12)
    at Function.Module._load (module.js:441:3)
    at Module.require (module.js:500:17)
    at require (internal/module.js:20:19)
    at Object.<anonymous> (/Users/pengshuo/Downloads/nodejs 上课源码 课件/ksblog/bin/www:7:11)
    at Module._compile (module.js:573:32)
2017-05-31 17:50 +08:00: ReferenceError: articles is not defined
    at Object.<anonymous> (/Users/pengshuo/Downloads/nodejs 上课源码 课件/ksblog/app.js:29:22)
    at Module._compile (module.js:573:32)
    at Object.Module._extensions..js (module.js:582:10)
    at Module.load (module.js:490:32)
    at tryModuleLoad (module.js:449:12)
    at Function.Module._load (module.js:441:3)
    at Module.require (module.js:500:17)
    at require (internal/module.js:20:19)
    at Object.<anonymous> (/Users/pengshuo/Downloads/nodejs 上课源码 课件/ksblog/bin/www:7:11)
    at Module._compile (module.js:573:32)
2017-05-31 17:50 +08:00: ReferenceError: articles is not defined
    at Object.<anonymous> (/Users/pengshuo/Downloads/nodejs 上课源码 课件/ksblog/app.js:29:22)
    at Module._compile (module.js:573:32)
    at Object.Module._extensions..js (module.js:582:10)
    at Module.load (module.js:490:32)
    at tryModuleLoad (module.js:449:12)
    at Function.Module._load (module.js:441:3)
    at Module.require (module.js:500:17)
    at require (internal/module.js:20:19)
    at Object.<anonymous> (/Users/pengshuo/Downloads/nodejs 上课源码 课件/ksblog/bin/www:7:11)
    at Module._compile (module.js:573:32)
2017-05-31 17:50 +08:00: ReferenceError: articles is not defined
    at Object.<anonymous> (/Users/pengshuo/Downloads/nodejs 上课源码 课件/ksblog/app.js:29:22)
    at Module._compile (module.js:573:32)
    at Object.Module._extensions..js (module.js:582:10)
    at Module.load (module.js:490:32)
    at tryModuleLoad (module.js:449:12)
    at Function.Module._load (module.js:441:3)
    at Module.require (module.js:500:17)
    at require (internal/module.js:20:19)
    at Object.<anonymous> (/Users/pengshuo/Downloads/nodejs 上课源码 课件/ksblog/bin/www:7:11)
    at Module._compile (module.js:573:32)
2017-05-31 17:50 +08:00: ReferenceError: articles is not defined
    at Object.<anonymous> (/Users/pengshuo/Downloads/nodejs 上课源码 课件/ksblog/app.js:29:22)
    at Module._compile (module.js:573:32)
    at Object.Module._extensions..js (module.js:582:10)
    at Module.load (module.js:490:32)
    at tryModuleLoad (module.js:449:12)
    at Function.Module._load (module.js:441:3)
    at Module.require (module.js:500:17)
    at require (internal/module.js:20:19)
    at Object.<anonymous> (/Users/pengshuo/Downloads/nodejs 上课源码 课件/ksblog/bin/www:7:11)
    at Module._compile (module.js:573:32)
2017-05-31 17:50 +08:00: ReferenceError: articles is not defined
    at Object.<anonymous> (/Users/pengshuo/Downloads/nodejs 上课源码 课件/ksblog/app.js:29:22)
    at Module._compile (module.js:573:32)
    at Object.Module._extensions..js (module.js:582:10)
    at Module.load (module.js:490:32)
    at tryModuleLoad (module.js:449:12)
    at Function.Module._load (module.js:441:3)
    at Module.require (module.js:500:17)
    at require (internal/module.js:20:19)
    at Object.<anonymous> (/Users/pengshuo/Downloads/nodejs 上课源码 课件/ksblog/bin/www:7:11)
    at Module._compile (module.js:573:32)
2017-05-31 17:50 +08:00: ReferenceError: articles is not defined
    at Object.<anonymous> (/Users/pengshuo/Downloads/nodejs 上课源码 课件/ksblog/app.js:29:22)
    at Module._compile (module.js:573:32)
    at Object.Module._extensions..js (module.js:582:10)
    at Module.load (module.js:490:32)
    at tryModuleLoad (module.js:449:12)
    at Function.Module._load (module.js:441:3)
    at Module.require (module.js:500:17)
    at require (internal/module.js:20:19)
    at Object.<anonymous> (/Users/pengshuo/Downloads/nodejs 上课源码 课件/ksblog/bin/www:7:11)
    at Module._compile (module.js:573:32)
2017-05-31 17:50 +08:00: ReferenceError: articles is not defined
    at Object.<anonymous> (/Users/pengshuo/Downloads/nodejs 上课源码 课件/ksblog/app.js:29:22)
    at Module._compile (module.js:573:32)
    at Object.Module._extensions..js (module.js:582:10)
    at Module.load (module.js:490:32)
    at tryModuleLoad (module.js:449:12)
    at Function.Module._load (module.js:441:3)
    at Module.require (module.js:500:17)
    at require (internal/module.js:20:19)
    at Object.<anonymous> (/Users/pengshuo/Downloads/nodejs 上课源码 课件/ksblog/bin/www:7:11)
    at Module._compile (module.js:573:32)
2017-05-31 17:50 +08:00: ReferenceError: articles is not defined
    at Object.<anonymous> (/Users/pengshuo/Downloads/nodejs 上课源码 课件/ksblog/app.js:29:22)
    at Module._compile (module.js:573:32)
    at Object.Module._extensions..js (module.js:582:10)
    at Module.load (module.js:490:32)
    at tryModuleLoad (module.js:449:12)
    at Function.Module._load (module.js:441:3)
    at Module.require (module.js:500:17)
    at require (internal/module.js:20:19)
    at Object.<anonymous> (/Users/pengshuo/Downloads/nodejs 上课源码 课件/ksblog/bin/www:7:11)
    at Module._compile (module.js:573:32)
2017-05-31 17:50 +08:00: ReferenceError: articles is not defined
    at Object.<anonymous> (/Users/pengshuo/Downloads/nodejs 上课源码 课件/ksblog/app.js:29:22)
    at Module._compile (module.js:573:32)
    at Object.Module._extensions..js (module.js:582:10)
    at Module.load (module.js:490:32)
    at tryModuleLoad (module.js:449:12)
    at Function.Module._load (module.js:441:3)
    at Module.require (module.js:500:17)
    at require (internal/module.js:20:19)
    at Object.<anonymous> (/Users/pengshuo/Downloads/nodejs 上课源码 课件/ksblog/bin/www:7:11)
    at Module._compile (module.js:573:32)
2017-05-31 17:50 +08:00: ReferenceError: articles is not defined
    at Object.<anonymous> (/Users/pengshuo/Downloads/nodejs 上课源码 课件/ksblog/app.js:29:22)
    at Module._compile (module.js:573:32)
    at Object.Module._extensions..js (module.js:582:10)
    at Module.load (module.js:490:32)
    at tryModuleLoad (module.js:449:12)
    at Function.Module._load (module.js:441:3)
    at Module.require (module.js:500:17)
    at require (internal/module.js:20:19)
    at Object.<anonymous> (/Users/pengshuo/Downloads/nodejs 上课源码 课件/ksblog/bin/www:7:11)
    at Module._compile (module.js:573:32)
2017-05-31 17:51 +08:00: ReferenceError: articles is not defined
    at Object.<anonymous> (/Users/pengshuo/Downloads/nodejs 上课源码 课件/ksblog/app.js:29:22)
    at Module._compile (module.js:573:32)
    at Object.Module._extensions..js (module.js:582:10)
    at Module.load (module.js:490:32)
    at tryModuleLoad (module.js:449:12)
    at Function.Module._load (module.js:441:3)
    at Module.require (module.js:500:17)
    at require (internal/module.js:20:19)
    at Object.<anonymous> (/Users/pengshuo/Downloads/nodejs 上课源码 课件/ksblog/bin/www:7:11)
    at Module._compile (module.js:573:32)
2017-05-31 17:51 +08:00: ReferenceError: articles is not defined
    at Object.<anonymous> (/Users/pengshuo/Downloads/nodejs 上课源码 课件/ksblog/app.js:29:22)
    at Module._compile (module.js:573:32)
    at Object.Module._extensions..js (module.js:582:10)
    at Module.load (module.js:490:32)
    at tryModuleLoad (module.js:449:12)
    at Function.Module._load (module.js:441:3)
    at Module.require (module.js:500:17)
    at require (internal/module.js:20:19)
    at Object.<anonymous> (/Users/pengshuo/Downloads/nodejs 上课源码 课件/ksblog/bin/www:7:11)
    at Module._compile (module.js:573:32)
2017-05-31 17:51 +08:00: ReferenceError: articles is not defined
    at Object.<anonymous> (/Users/pengshuo/Downloads/nodejs 上课源码 课件/ksblog/app.js:29:22)
    at Module._compile (module.js:573:32)
    at Object.Module._extensions..js (module.js:582:10)
    at Module.load (module.js:490:32)
    at tryModuleLoad (module.js:449:12)
    at Function.Module._load (module.js:441:3)
    at Module.require (module.js:500:17)
    at require (internal/module.js:20:19)
    at Object.<anonymous> (/Users/pengshuo/Downloads/nodejs 上课源码 课件/ksblog/bin/www:7:11)
    at Module._compile (module.js:573:32)
2017-05-31 17:51 +08:00: ReferenceError: articles is not defined
    at Object.<anonymous> (/Users/pengshuo/Downloads/nodejs 上课源码 课件/ksblog/app.js:29:22)
    at Module._compile (module.js:573:32)
    at Object.Module._extensions..js (module.js:582:10)
    at Module.load (module.js:490:32)
    at tryModuleLoad (module.js:449:12)
    at Function.Module._load (module.js:441:3)
    at Module.require (module.js:500:17)
    at require (internal/module.js:20:19)
    at Object.<anonymous> (/Users/pengshuo/Downloads/nodejs 上课源码 课件/ksblog/bin/www:7:11)
    at Module._compile (module.js:573:32)
2017-05-31 17:51 +08:00: ReferenceError: articles is not defined
    at Object.<anonymous> (/Users/pengshuo/Downloads/nodejs 上课源码 课件/ksblog/app.js:29:22)
    at Module._compile (module.js:573:32)
    at Object.Module._extensions..js (module.js:582:10)
    at Module.load (module.js:490:32)
    at tryModuleLoad (module.js:449:12)
    at Function.Module._load (module.js:441:3)
    at Module.require (module.js:500:17)
    at require (internal/module.js:20:19)
    at Object.<anonymous> (/Users/pengshuo/Downloads/nodejs 上课源码 课件/ksblog/bin/www:7:11)
    at Module._compile (module.js:573:32)
2017-05-31 17:51 +08:00: ReferenceError: articles is not defined
    at Object.<anonymous> (/Users/pengshuo/Downloads/nodejs 上课源码 课件/ksblog/app.js:29:22)
    at Module._compile (module.js:573:32)
    at Object.Module._extensions..js (module.js:582:10)
    at Module.load (module.js:490:32)
    at tryModuleLoad (module.js:449:12)
    at Function.Module._load (module.js:441:3)
    at Module.require (module.js:500:17)
    at require (internal/module.js:20:19)
    at Object.<anonymous> (/Users/pengshuo/Downloads/nodejs 上课源码 课件/ksblog/bin/www:7:11)
    at Module._compile (module.js:573:32)
2017-05-31 17:51 +08:00: ReferenceError: articles is not defined
    at Object.<anonymous> (/Users/pengshuo/Downloads/nodejs 上课源码 课件/ksblog/app.js:29:22)
    at Module._compile (module.js:573:32)
    at Object.Module._extensions..js (module.js:582:10)
    at Module.load (module.js:490:32)
    at tryModuleLoad (module.js:449:12)
    at Function.Module._load (module.js:441:3)
    at Module.require (module.js:500:17)
    at require (internal/module.js:20:19)
    at Object.<anonymous> (/Users/pengshuo/Downloads/nodejs 上课源码 课件/ksblog/bin/www:7:11)
    at Module._compile (module.js:573:32)
2017-05-31 17:51 +08:00: ReferenceError: articles is not defined
    at Object.<anonymous> (/Users/pengshuo/Downloads/nodejs 上课源码 课件/ksblog/app.js:29:22)
    at Module._compile (module.js:573:32)
    at Object.Module._extensions..js (module.js:582:10)
    at Module.load (module.js:490:32)
    at tryModuleLoad (module.js:449:12)
    at Function.Module._load (module.js:441:3)
    at Module.require (module.js:500:17)
    at require (internal/module.js:20:19)
    at Object.<anonymous> (/Users/pengshuo/Downloads/nodejs 上课源码 课件/ksblog/bin/www:7:11)
    at Module._compile (module.js:573:32)
2017-05-31 17:51 +08:00: ReferenceError: articles is not defined
    at Object.<anonymous> (/Users/pengshuo/Downloads/nodejs 上课源码 课件/ksblog/app.js:29:22)
    at Module._compile (module.js:573:32)
    at Object.Module._extensions..js (module.js:582:10)
    at Module.load (module.js:490:32)
    at tryModuleLoad (module.js:449:12)
    at Function.Module._load (module.js:441:3)
    at Module.require (module.js:500:17)
    at require (internal/module.js:20:19)
    at Object.<anonymous> (/Users/pengshuo/Downloads/nodejs 上课源码 课件/ksblog/bin/www:7:11)
    at Module._compile (module.js:573:32)
2017-05-31 17:51 +08:00: ReferenceError: articles is not defined
    at Object.<anonymous> (/Users/pengshuo/Downloads/nodejs 上课源码 课件/ksblog/app.js:29:22)
    at Module._compile (module.js:573:32)
    at Object.Module._extensions..js (module.js:582:10)
    at Module.load (module.js:490:32)
    at tryModuleLoad (module.js:449:12)
    at Function.Module._load (module.js:441:3)
    at Module.require (module.js:500:17)
    at require (internal/module.js:20:19)
    at Object.<anonymous> (/Users/pengshuo/Downloads/nodejs 上课源码 课件/ksblog/bin/www:7:11)
    at Module._compile (module.js:573:32)
2017-05-31 17:51 +08:00: ReferenceError: articles is not defined
    at Object.<anonymous> (/Users/pengshuo/Downloads/nodejs 上课源码 课件/ksblog/app.js:29:22)
    at Module._compile (module.js:573:32)
    at Object.Module._extensions..js (module.js:582:10)
    at Module.load (module.js:490:32)
    at tryModuleLoad (module.js:449:12)
    at Function.Module._load (module.js:441:3)
    at Module.require (module.js:500:17)
    at require (internal/module.js:20:19)
    at Object.<anonymous> (/Users/pengshuo/Downloads/nodejs 上课源码 课件/ksblog/bin/www:7:11)
    at Module._compile (module.js:573:32)
2017-05-31 17:51 +08:00: ReferenceError: articles is not defined
    at Object.<anonymous> (/Users/pengshuo/Downloads/nodejs 上课源码 课件/ksblog/app.js:29:22)
    at Module._compile (module.js:573:32)
    at Object.Module._extensions..js (module.js:582:10)
    at Module.load (module.js:490:32)
    at tryModuleLoad (module.js:449:12)
    at Function.Module._load (module.js:441:3)
    at Module.require (module.js:500:17)
    at require (internal/module.js:20:19)
    at Object.<anonymous> (/Users/pengshuo/Downloads/nodejs 上课源码 课件/ksblog/bin/www:7:11)
    at Module._compile (module.js:573:32)
2017-05-31 17:51 +08:00: ReferenceError: articles is not defined
    at Object.<anonymous> (/Users/pengshuo/Downloads/nodejs 上课源码 课件/ksblog/app.js:29:22)
    at Module._compile (module.js:573:32)
    at Object.Module._extensions..js (module.js:582:10)
    at Module.load (module.js:490:32)
    at tryModuleLoad (module.js:449:12)
    at Function.Module._load (module.js:441:3)
    at Module.require (module.js:500:17)
    at require (internal/module.js:20:19)
    at Object.<anonymous> (/Users/pengshuo/Downloads/nodejs 上课源码 课件/ksblog/bin/www:7:11)
    at Module._compile (module.js:573:32)
2017-05-31 17:51 +08:00: ReferenceError: articles is not defined
    at Object.<anonymous> (/Users/pengshuo/Downloads/nodejs 上课源码 课件/ksblog/app.js:29:22)
    at Module._compile (module.js:573:32)
    at Object.Module._extensions..js (module.js:582:10)
    at Module.load (module.js:490:32)
    at tryModuleLoad (module.js:449:12)
    at Function.Module._load (module.js:441:3)
    at Module.require (module.js:500:17)
    at require (internal/module.js:20:19)
    at Object.<anonymous> (/Users/pengshuo/Downloads/nodejs 上课源码 课件/ksblog/bin/www:7:11)
    at Module._compile (module.js:573:32)
2017-05-31 17:51 +08:00: ReferenceError: articles is not defined
    at Object.<anonymous> (/Users/pengshuo/Downloads/nodejs 上课源码 课件/ksblog/app.js:29:22)
    at Module._compile (module.js:573:32)
    at Object.Module._extensions..js (module.js:582:10)
    at Module.load (module.js:490:32)
    at tryModuleLoad (module.js:449:12)
    at Function.Module._load (module.js:441:3)
    at Module.require (module.js:500:17)
    at require (internal/module.js:20:19)
    at Object.<anonymous> (/Users/pengshuo/Downloads/nodejs 上课源码 课件/ksblog/bin/www:7:11)
    at Module._compile (module.js:573:32)
2017-05-31 17:51 +08:00: ReferenceError: articles is not defined
    at Object.<anonymous> (/Users/pengshuo/Downloads/nodejs 上课源码 课件/ksblog/app.js:29:22)
    at Module._compile (module.js:573:32)
    at Object.Module._extensions..js (module.js:582:10)
    at Module.load (module.js:490:32)
    at tryModuleLoad (module.js:449:12)
    at Function.Module._load (module.js:441:3)
    at Module.require (module.js:500:17)
    at require (internal/module.js:20:19)
    at Object.<anonymous> (/Users/pengshuo/Downloads/nodejs 上课源码 课件/ksblog/bin/www:7:11)
    at Module._compile (module.js:573:32)
